<?xml version="1.0" encoding="UTF-8"?>
<!-- Generated by org.testng.reporters.JUnitReportReporter -->
<testsuite skipped="0" hostname="DESKTOP-5V9BS6T" name="com.paysera.testcases.AmountBoxVerify" tests="2" failures="0" timestamp="2021-11-19T01:09:37 BDT" time="16.311" errors="0">
  <testcase name="buyFieldVerify" time="8.165" classname="com.paysera.testcases.AmountBoxVerify"/>
  <system-out/>
  <testcase name="sellFieldVerify" time="8.146" classname="com.paysera.testcases.AmountBoxVerify"/>
  <system-out/>
</testsuite> <!-- com.paysera.testcases.AmountBoxVerify -->
